Determining if the pthread_create exist failed with the following output:
Change Dir: /home/peng/RoboND/Term_1/project_2_robotic_arm/build/CMakeFiles/CMakeTmp

Run Build Command:"/usr/bin/make" "cmTC_975bc/fast"
/usr/bin/make -f CMakeFiles/cmTC_975bc.dir/build.make CMakeFiles/cmTC_975bc.dir/build
make[1]: Entering directory '/home/peng/RoboND/Term_1/project_2_robotic_arm/build/CMakeFiles/CMakeTmp'
Building C object CMakeFiles/cmTC_975bc.dir/CheckSymbolExists.c.o
/usr/bin/cc     -o CMakeFiles/cmTC_975bc.dir/CheckSymbolExists.c.o   -c /home/peng/RoboND/Term_1/project_2_robotic_arm/build/CMakeFiles/CMakeTmp/CheckSymbolExists.c
Linking C executable cmTC_975bc
/usr/bin/cmake -E cmake_link_script CMakeFiles/cmTC_975bc.dir/link.txt --verbose=1
/usr/bin/cc       CMakeFiles/cmTC_975bc.dir/CheckSymbolExists.c.o  -o cmTC_975bc -rdynamic 
CMakeFiles/cmTC_975bc.dir/CheckSymbolExists.c.o: In function `main':
CheckSymbolExists.c:(.text+0x16): undefined reference to `pthread_create'
collect2: error: ld returned 1 exit status
CMakeFiles/cmTC_975bc.dir/build.make:97: recipe for target 'cmTC_975bc' failed
make[1]: *** [cmTC_975bc] Error 1
make[1]: Leaving directory '/home/peng/RoboND/Term_1/project_2_robotic_arm/build/CMakeFiles/CMakeTmp'
Makefile:126: recipe for target 'cmTC_975bc/fast' failed
make: *** [cmTC_975bc/fast] Error 2

File /home/peng/RoboND/Term_1/project_2_robotic_arm/build/CMakeFiles/CMakeTmp/CheckSymbolExists.c:
/* */
#include <pthread.h>

int main(int argc, char** argv)
{
  (void)argv;
#ifndef pthread_create
  return ((int*)(&pthread_create))[argc];
#else
  (void)argc;
  return 0;
#endif
}

Determining if the function pthread_create exists in the pthreads failed with the following output:
Change Dir: /home/peng/RoboND/Term_1/project_2_robotic_arm/build/CMakeFiles/CMakeTmp

Run Build Command:"/usr/bin/make" "cmTC_f560b/fast"
/usr/bin/make -f CMakeFiles/cmTC_f560b.dir/build.make CMakeFiles/cmTC_f560b.dir/build
make[1]: Entering directory '/home/peng/RoboND/Term_1/project_2_robotic_arm/build/CMakeFiles/CMakeTmp'
Building C object CMakeFiles/cmTC_f560b.dir/CheckFunctionExists.c.o
/usr/bin/cc    -DCHECK_FUNCTION_EXISTS=pthread_create   -o CMakeFiles/cmTC_f560b.dir/CheckFunctionExists.c.o   -c /usr/share/cmake-3.5/Modules/CheckFunctionExists.c
Linking C executable cmTC_f560b
/usr/bin/cmake -E cmake_link_script CMakeFiles/cmTC_f560b.dir/link.txt --verbose=1
/usr/bin/cc   -DCHECK_FUNCTION_EXISTS=pthread_create    CMakeFiles/cmTC_f560b.dir/CheckFunctionExists.c.o  -o cmTC_f560b -rdynamic -lpthreads 
/usr/bin/ld: cannot find -lpthreads
collect2: error: ld returned 1 exit status
CMakeFiles/cmTC_f560b.dir/build.make:97: recipe for target 'cmTC_f560b' failed
make[1]: *** [cmTC_f560b] Error 1
make[1]: Leaving directory '/home/peng/RoboND/Term_1/project_2_robotic_arm/build/CMakeFiles/CMakeTmp'
Makefile:126: recipe for target 'cmTC_f560b/fast' failed
make: *** [cmTC_f560b/fast] Error 2


